2016-11-01 11:04:37,129 [Worker-7] INFO  o.e.m.c.i.p.ProjectConfigurationManager - Collecting project info '/pom.xml' F:\gitPath\WorkSpace\egou-parent\pom.xml
2016-11-01 11:11:27,199 [Worker-5] INFO  o.e.m.c.i.p.ProjectConfigurationManager - Collecting project info '/pom.xml' F:\gitPath\WorkSpace\egou-parent\pom.xml
2016-11-01 11:11:27,964 [Worker-5] INFO  o.e.m.c.i.l.LifecycleMappingFactory - Using org.eclipse.m2e.jdt.JarLifecycleMapping lifecycle mapping for MavenProject: com.egou:egou-parent:0.0.1-SNAPSHOT @ F:\gitPath\WorkSpace\egou-parent\pom.xml.
2016-11-01 11:11:28,480 [Worker-5] INFO  o.e.m.j.i.AbstractJavaProjectConfigurator - Adding source folder /egou-parent/src/main/java
2016-11-01 11:11:28,495 [Worker-5] INFO  o.e.m.j.i.AbstractJavaProjectConfigurator - Adding source folder /egou-parent/src/test/java
2016-11-01 11:11:28,980 [Worker-5] INFO  o.e.m.c.i.p.ProjectConfigurationManager - Imported and configured 1 project(s) in 1 sec
2016-11-01 11:11:30,027 [Worker-5] INFO  o.e.m.c.i.l.LifecycleMappingFactory - Using org.eclipse.m2e.jdt.JarLifecycleMapping lifecycle mapping for MavenProject: com.egou:egou-parent:0.0.1-SNAPSHOT @ F:\gitPath\WorkSpace\egou-parent\pom.xml.
2016-11-01 11:11:30,730 [Worker-5] INFO  o.e.m.c.i.embedder.EclipseLogger - Using 'UTF-8' encoding to copy filtered resources.
2016-11-01 11:11:30,730 [Worker-5] INFO  o.e.m.c.i.embedder.EclipseLogger - skip non existing resourceDirectory F:\gitPath\WorkSpace\egou-parent\src\main\resources
2016-11-01 11:11:30,730 [Worker-5] INFO  o.e.m.c.i.embedder.EclipseLogger - Using 'UTF-8' encoding to copy filtered resources.
2016-11-01 11:11:30,730 [Worker-5] INFO  o.e.m.c.i.embedder.EclipseLogger - skip non existing resourceDirectory F:\gitPath\WorkSpace\egou-parent\src\test\resources
2016-11-01 11:12:04,678 [Worker-6] INFO  o.e.m.c.i.l.LifecycleMappingFactory - Using org.eclipse.m2e.jdt.JarLifecycleMapping lifecycle mapping for MavenProject: com.egou:egou-parent:0.0.1-SNAPSHOT @ F:\gitPath\WorkSpace\egou-parent\pom.xml.
2016-11-01 11:12:04,725 [Worker-6] INFO  o.e.m.c.i.embedder.EclipseLogger - Using 'UTF-8' encoding to copy filtered resources.
2016-11-01 11:12:04,725 [Worker-6] INFO  o.e.m.c.i.embedder.EclipseLogger - skip non existing resourceDirectory F:\gitPath\WorkSpace\egou-parent\src\main\resources
2016-11-01 11:12:04,725 [Worker-6] INFO  o.e.m.c.i.embedder.EclipseLogger - Using 'UTF-8' encoding to copy filtered resources.
2016-11-01 11:12:04,725 [Worker-6] INFO  o.e.m.c.i.embedder.EclipseLogger - skip non existing resourceDirectory F:\gitPath\WorkSpace\egou-parent\src\test\resources
2016-11-01 11:12:06,274 [Worker-5] INFO  o.e.m.c.i.l.LifecycleMappingFactory - Using org.eclipse.m2e.jdt.JarLifecycleMapping lifecycle mapping for MavenProject: com.egou:egou-parent:0.0.1-SNAPSHOT @ F:\gitPath\WorkSpace\egou-parent\pom.xml.
2016-11-01 11:12:06,320 [Worker-5] INFO  o.e.m.c.i.embedder.EclipseLogger - Using 'UTF-8' encoding to copy filtered resources.
2016-11-01 11:12:06,320 [Worker-5] INFO  o.e.m.c.i.embedder.EclipseLogger - skip non existing resourceDirectory F:\gitPath\WorkSpace\egou-parent\src\main\resources
2016-11-01 11:12:06,320 [Worker-5] INFO  o.e.m.c.i.embedder.EclipseLogger - Using 'UTF-8' encoding to copy filtered resources.
2016-11-01 11:12:06,320 [Worker-5] INFO  o.e.m.c.i.embedder.EclipseLogger - skip non existing resourceDirectory F:\gitPath\WorkSpace\egou-parent\src\test\resources
2016-11-01 11:12:07,508 [Worker-4] INFO  o.e.m.c.i.embedder.EclipseLogger - Using 'UTF-8' encoding to copy filtered resources.
2016-11-01 11:12:07,508 [Worker-4] INFO  o.e.m.c.i.embedder.EclipseLogger - skip non existing resourceDirectory F:\gitPath\WorkSpace\egou-parent\src\main\resources
2016-11-01 11:12:07,508 [Worker-4] INFO  o.e.m.c.i.embedder.EclipseLogger - Using 'UTF-8' encoding to copy filtered resources.
2016-11-01 11:12:07,508 [Worker-4] INFO  o.e.m.c.i.embedder.EclipseLogger - skip non existing resourceDirectory F:\gitPath\WorkSpace\egou-parent\src\test\resources
2016-11-01 11:12:12,946 [Worker-1] INFO  o.e.m.c.i.embedder.EclipseLogger - Using 'UTF-8' encoding to copy filtered resources.
2016-11-01 11:12:12,946 [Worker-1] INFO  o.e.m.c.i.embedder.EclipseLogger - skip non existing resourceDirectory F:\gitPath\WorkSpace\egou-parent\src\main\resources
2016-11-01 11:12:12,946 [Worker-1] INFO  o.e.m.c.i.embedder.EclipseLogger - Using 'UTF-8' encoding to copy filtered resources.
2016-11-01 11:12:12,946 [Worker-1] INFO  o.e.m.c.i.embedder.EclipseLogger - skip non existing resourceDirectory F:\gitPath\WorkSpace\egou-parent\src\test\resources
2016-11-01 11:12:14,149 [Worker-0] INFO  o.e.m.c.i.embedder.EclipseLogger - Using 'UTF-8' encoding to copy filtered resources.
2016-11-01 11:12:14,149 [Worker-0] INFO  o.e.m.c.i.embedder.EclipseLogger - skip non existing resourceDirectory F:\gitPath\WorkSpace\egou-parent\src\main\resources
2016-11-01 11:12:14,149 [Worker-0] INFO  o.e.m.c.i.embedder.EclipseLogger - Using 'UTF-8' encoding to copy filtered resources.
2016-11-01 11:12:14,149 [Worker-0] INFO  o.e.m.c.i.embedder.EclipseLogger - skip non existing resourceDirectory F:\gitPath\WorkSpace\egou-parent\src\test\resources
2016-11-01 11:13:12,609 [Worker-4] INFO  o.e.m.c.i.p.ProjectConfigurationManager - Collecting project info '/pom.xml' F:\gitPath\WorkSpace\egou-parent\pom.xml
2016-11-01 11:13:12,687 [Worker-4] INFO  o.e.m.c.i.l.LifecycleMappingFactory - Using org.eclipse.m2e.jdt.JarLifecycleMapping lifecycle mapping for MavenProject: com.egou:egou-parent:0.0.1-SNAPSHOT @ F:\gitPath\WorkSpace\egou-parent\pom.xml.
2016-11-01 11:13:12,844 [Worker-4] INFO  o.e.m.j.i.AbstractJavaProjectConfigurator - Adding source folder /egou-parent/src/main/java
2016-11-01 11:13:12,844 [Worker-4] INFO  o.e.m.j.i.AbstractJavaProjectConfigurator - Adding source folder /egou-parent/src/test/java
2016-11-01 11:13:12,875 [Worker-4] INFO  o.e.m.c.i.p.ProjectConfigurationManager - Imported and configured 1 project(s) in 0 sec
2016-11-01 11:13:13,141 [Worker-6] INFO  o.e.m.c.i.l.LifecycleMappingFactory - Using org.eclipse.m2e.jdt.JarLifecycleMapping lifecycle mapping for MavenProject: com.egou:egou-parent:0.0.1-SNAPSHOT @ F:\gitPath\WorkSpace\egou-parent\pom.xml.
2016-11-01 11:13:13,328 [Worker-6] INFO  o.e.m.c.i.embedder.EclipseLogger - Using 'UTF-8' encoding to copy filtered resources.
2016-11-01 11:13:13,328 [Worker-6] INFO  o.e.m.c.i.embedder.EclipseLogger - skip non existing resourceDirectory F:\gitPath\WorkSpace\egou-parent\src\main\resources
2016-11-01 11:13:13,328 [Worker-6] INFO  o.e.m.c.i.embedder.EclipseLogger - Using 'UTF-8' encoding to copy filtered resources.
2016-11-01 11:13:13,328 [Worker-6] INFO  o.e.m.c.i.embedder.EclipseLogger - skip non existing resourceDirectory F:\gitPath\WorkSpace\egou-parent\src\test\resources
2016-11-01 11:13:13,978 [Worker-3] INFO  o.e.m.c.i.l.LifecycleMappingFactory - Using org.eclipse.m2e.jdt.JarLifecycleMapping lifecycle mapping for MavenProject: com.egou:egou-parent:0.0.1-SNAPSHOT @ F:\gitPath\WorkSpace\egou-parent\pom.xml.
2016-11-01 11:13:14,369 [Worker-0] INFO  o.e.m.c.i.embedder.EclipseLogger - Using 'UTF-8' encoding to copy filtered resources.
2016-11-01 11:13:14,369 [Worker-0] INFO  o.e.m.c.i.embedder.EclipseLogger - skip non existing resourceDirectory F:\gitPath\WorkSpace\egou-parent\src\main\resources
2016-11-01 11:13:14,369 [Worker-0] INFO  o.e.m.c.i.embedder.EclipseLogger - Using 'UTF-8' encoding to copy filtered resources.
2016-11-01 11:13:14,369 [Worker-0] INFO  o.e.m.c.i.embedder.EclipseLogger - skip non existing resourceDirectory F:\gitPath\WorkSpace\egou-parent\src\test\resources
2016-11-01 11:14:27,050 [Worker-7] INFO  o.e.m.c.i.p.ProjectConfigurationManager - Collecting project info '/pom.xml' F:\gitPath\WorkSpace\egou-parent\pom.xml
2016-11-01 11:14:27,097 [Worker-7] INFO  o.e.m.c.i.l.LifecycleMappingFactory - Using NULL lifecycle mapping for MavenProject: com.egou:egou-parent:0.0.1-SNAPSHOT @ F:\gitPath\WorkSpace\egou-parent\pom.xml.
2016-11-01 11:14:27,269 [Worker-7] INFO  o.e.m.c.i.p.ProjectConfigurationManager - Imported and configured 1 project(s) in 0 sec
2016-11-01 11:14:28,307 [Worker-3] INFO  o.e.m.c.i.l.LifecycleMappingFactory - Using NULL lifecycle mapping for MavenProject: com.egou:egou-parent:0.0.1-SNAPSHOT @ F:\gitPath\WorkSpace\egou-parent\pom.xml.
2016-11-01 11:16:22,476 [Worker-6] INFO  o.e.m.c.i.l.LifecycleMappingFactory - Using NULL lifecycle mapping for MavenProject: com.egou:egou-parent:0.0.1-SNAPSHOT @ F:\gitPath\WorkSpace\egou-parent\pom.xml.
2016-11-01 11:16:49,381 [Worker-1] INFO  o.e.m.i.launch.MavenLaunchDelegate - F:\gitPath\WorkSpace\egou-parent
2016-11-01 11:16:49,381 [Worker-1] INFO  o.e.m.i.launch.MavenLaunchDelegate -  mvn  -B clean
2016-11-01 11:18:25,041 [Worker-5] INFO  o.e.m.c.i.p.ProjectConfigurationManager - Collecting project info '/pom.xml' F:\gitPath\WorkSpace\egou-basic\pom.xml
2016-11-01 11:18:25,119 [Worker-5] INFO  o.e.m.c.i.l.LifecycleMappingFactory - Using org.eclipse.m2e.jdt.JarLifecycleMapping lifecycle mapping for MavenProject: com.egou:egou-basic:0.0.1-SNAPSHOT @ F:\gitPath\WorkSpace\egou-basic\pom.xml.
2016-11-01 11:18:25,291 [Worker-5] INFO  o.e.m.j.i.AbstractJavaProjectConfigurator - Adding source folder /egou-basic/src/main/java
2016-11-01 11:18:25,307 [Worker-5] INFO  o.e.m.j.i.AbstractJavaProjectConfigurator - Adding source folder /egou-basic/src/test/java
2016-11-01 11:18:25,385 [Worker-5] INFO  o.e.m.c.i.p.ProjectConfigurationManager - Imported and configured 1 project(s) in 0 sec
2016-11-01 11:18:25,666 [Worker-7] INFO  o.e.m.c.i.l.LifecycleMappingFactory - Using org.eclipse.m2e.jdt.JarLifecycleMapping lifecycle mapping for MavenProject: com.egou:egou-basic:0.0.1-SNAPSHOT @ F:\gitPath\WorkSpace\egou-basic\pom.xml.
2016-11-01 11:18:26,073 [Worker-7] INFO  o.e.m.c.i.embedder.EclipseLogger - Using 'UTF-8' encoding to copy filtered resources.
2016-11-01 11:18:26,073 [Worker-7] INFO  o.e.m.c.i.embedder.EclipseLogger - skip non existing resourceDirectory F:\gitPath\WorkSpace\egou-basic\src\main\resources
2016-11-01 11:18:26,073 [Worker-7] INFO  o.e.m.c.i.embedder.EclipseLogger - Using 'UTF-8' encoding to copy filtered resources.
2016-11-01 11:18:26,073 [Worker-7] INFO  o.e.m.c.i.embedder.EclipseLogger - skip non existing resourceDirectory F:\gitPath\WorkSpace\egou-basic\src\test\resources
2016-11-01 11:18:26,526 [Worker-3] INFO  o.e.m.c.i.l.LifecycleMappingFactory - Using org.eclipse.m2e.jdt.JarLifecycleMapping lifecycle mapping for MavenProject: com.egou:egou-basic:0.0.1-SNAPSHOT @ F:\gitPath\WorkSpace\egou-basic\pom.xml.
2016-11-01 11:18:27,104 [Worker-6] INFO  o.e.m.c.i.embedder.EclipseLogger - Using 'UTF-8' encoding to copy filtered resources.
2016-11-01 11:18:27,104 [Worker-6] INFO  o.e.m.c.i.embedder.EclipseLogger - skip non existing resourceDirectory F:\gitPath\WorkSpace\egou-basic\src\main\resources
2016-11-01 11:18:27,104 [Worker-6] INFO  o.e.m.c.i.embedder.EclipseLogger - Using 'UTF-8' encoding to copy filtered resources.
2016-11-01 11:18:27,104 [Worker-6] INFO  o.e.m.c.i.embedder.EclipseLogger - skip non existing resourceDirectory F:\gitPath\WorkSpace\egou-basic\src\test\resources
2016-11-01 11:18:42,830 [Worker-5] INFO  o.e.m.c.i.l.LifecycleMappingFactory - Using org.eclipse.m2e.jdt.JarLifecycleMapping lifecycle mapping for MavenProject: com.egou:egou-basic:0.0.1-SNAPSHOT @ F:\gitPath\WorkSpace\egou-basic\pom.xml.
2016-11-01 11:18:43,885 [Worker-5] WARN  o.e.m.c.i.embedder.EclipseLogger - Using platform encoding (GBK actually) to copy filtered resources, i.e. build is platform dependent!
2016-11-01 11:18:43,885 [Worker-5] INFO  o.e.m.c.i.embedder.EclipseLogger - skip non existing resourceDirectory F:\gitPath\WorkSpace\egou-basic\src\main\resources
2016-11-01 11:18:43,901 [Worker-5] WARN  o.e.m.c.i.embedder.EclipseLogger - Using platform encoding (GBK actually) to copy filtered resources, i.e. build is platform dependent!
2016-11-01 11:18:43,901 [Worker-5] INFO  o.e.m.c.i.embedder.EclipseLogger - skip non existing resourceDirectory F:\gitPath\WorkSpace\egou-basic\src\test\resources
2016-11-01 11:18:45,532 [Worker-3] WARN  o.e.m.c.i.embedder.EclipseLogger - Using platform encoding (GBK actually) to copy filtered resources, i.e. build is platform dependent!
2016-11-01 11:18:45,532 [Worker-3] INFO  o.e.m.c.i.embedder.EclipseLogger - skip non existing resourceDirectory F:\gitPath\WorkSpace\egou-basic\src\main\resources
2016-11-01 11:18:45,532 [Worker-3] WARN  o.e.m.c.i.embedder.EclipseLogger - Using platform encoding (GBK actually) to copy filtered resources, i.e. build is platform dependent!
2016-11-01 11:18:45,532 [Worker-3] INFO  o.e.m.c.i.embedder.EclipseLogger - skip non existing resourceDirectory F:\gitPath\WorkSpace\egou-basic\src\test\resources
2016-11-01 11:19:20,790 [Worker-2] INFO  o.e.m.c.i.l.LifecycleMappingFactory - Using org.eclipse.m2e.jdt.JarLifecycleMapping lifecycle mapping for MavenProject: com.egou:egou-basic:0.0.1-SNAPSHOT @ F:\gitPath\WorkSpace\egou-basic\pom.xml.
2016-11-01 11:19:21,432 [Worker-2] WARN  o.e.m.c.i.embedder.EclipseLogger - Using platform encoding (GBK actually) to copy filtered resources, i.e. build is platform dependent!
2016-11-01 11:19:21,432 [Worker-2] INFO  o.e.m.c.i.embedder.EclipseLogger - skip non existing resourceDirectory F:\gitPath\WorkSpace\egou-basic\src\main\resources
2016-11-01 11:19:21,432 [Worker-2] WARN  o.e.m.c.i.embedder.EclipseLogger - Using platform encoding (GBK actually) to copy filtered resources, i.e. build is platform dependent!
2016-11-01 11:19:21,432 [Worker-2] INFO  o.e.m.c.i.embedder.EclipseLogger - skip non existing resourceDirectory F:\gitPath\WorkSpace\egou-basic\src\test\resources
2016-11-01 11:20:07,213 [Worker-8] WARN  o.e.m.c.i.embedder.EclipseLogger - Using platform encoding (GBK actually) to copy filtered resources, i.e. build is platform dependent!
2016-11-01 11:20:07,228 [Worker-8] INFO  o.e.m.c.i.embedder.EclipseLogger - skip non existing resourceDirectory F:\gitPath\WorkSpace\egou-basic\src\main\resources
2016-11-01 11:20:07,228 [Worker-8] WARN  o.e.m.c.i.embedder.EclipseLogger - Using platform encoding (GBK actually) to copy filtered resources, i.e. build is platform dependent!
2016-11-01 11:20:07,228 [Worker-8] INFO  o.e.m.c.i.embedder.EclipseLogger - skip non existing resourceDirectory F:\gitPath\WorkSpace\egou-basic\src\test\resources
2016-11-01 11:20:13,073 [Worker-3] WARN  o.e.m.c.i.embedder.EclipseLogger - Using platform encoding (GBK actually) to copy filtered resources, i.e. build is platform dependent!
2016-11-01 11:20:13,073 [Worker-3] INFO  o.e.m.c.i.embedder.EclipseLogger - skip non existing resourceDirectory F:\gitPath\WorkSpace\egou-basic\src\main\resources
2016-11-01 11:20:13,089 [Worker-3] WARN  o.e.m.c.i.embedder.EclipseLogger - Using platform encoding (GBK actually) to copy filtered resources, i.e. build is platform dependent!
2016-11-01 11:20:13,089 [Worker-3] INFO  o.e.m.c.i.embedder.EclipseLogger - skip non existing resourceDirectory F:\gitPath\WorkSpace\egou-basic\src\test\resources
2016-11-01 11:20:27,232 [Worker-3] WARN  o.e.m.c.i.embedder.EclipseLogger - Using platform encoding (GBK actually) to copy filtered resources, i.e. build is platform dependent!
2016-11-01 11:20:27,232 [Worker-3] INFO  o.e.m.c.i.embedder.EclipseLogger - skip non existing resourceDirectory F:\gitPath\WorkSpace\egou-basic\src\main\resources
2016-11-01 11:20:27,232 [Worker-3] WARN  o.e.m.c.i.embedder.EclipseLogger - Using platform encoding (GBK actually) to copy filtered resources, i.e. build is platform dependent!
2016-11-01 11:20:27,232 [Worker-3] INFO  o.e.m.c.i.embedder.EclipseLogger - skip non existing resourceDirectory F:\gitPath\WorkSpace\egou-basic\src\test\resources
2016-11-01 11:20:28,255 [Worker-8] WARN  o.e.m.c.i.embedder.EclipseLogger - Using platform encoding (GBK actually) to copy filtered resources, i.e. build is platform dependent!
2016-11-01 11:20:28,255 [Worker-8] INFO  o.e.m.c.i.embedder.EclipseLogger - skip non existing resourceDirectory F:\gitPath\WorkSpace\egou-basic\src\main\resources
2016-11-01 11:20:28,255 [Worker-8] WARN  o.e.m.c.i.embedder.EclipseLogger - Using platform encoding (GBK actually) to copy filtered resources, i.e. build is platform dependent!
2016-11-01 11:20:28,255 [Worker-8] INFO  o.e.m.c.i.embedder.EclipseLogger - skip non existing resourceDirectory F:\gitPath\WorkSpace\egou-basic\src\test\resources
2016-11-01 11:20:34,739 [Worker-6] WARN  o.e.m.c.i.embedder.EclipseLogger - Using platform encoding (GBK actually) to copy filtered resources, i.e. build is platform dependent!
2016-11-01 11:20:34,754 [Worker-6] INFO  o.e.m.c.i.embedder.EclipseLogger - skip non existing resourceDirectory F:\gitPath\WorkSpace\egou-basic\src\main\resources
2016-11-01 11:20:34,754 [Worker-6] WARN  o.e.m.c.i.embedder.EclipseLogger - Using platform encoding (GBK actually) to copy filtered resources, i.e. build is platform dependent!
2016-11-01 11:20:34,754 [Worker-6] INFO  o.e.m.c.i.embedder.EclipseLogger - skip non existing resourceDirectory F:\gitPath\WorkSpace\egou-basic\src\test\resources
2016-11-01 11:21:21,210 [Worker-3] WARN  o.e.m.c.i.embedder.EclipseLogger - Using platform encoding (GBK actually) to copy filtered resources, i.e. build is platform dependent!
2016-11-01 11:21:21,210 [Worker-3] INFO  o.e.m.c.i.embedder.EclipseLogger - skip non existing resourceDirectory F:\gitPath\WorkSpace\egou-basic\src\main\resources
2016-11-01 11:21:21,210 [Worker-3] WARN  o.e.m.c.i.embedder.EclipseLogger - Using platform encoding (GBK actually) to copy filtered resources, i.e. build is platform dependent!
2016-11-01 11:21:21,210 [Worker-3] INFO  o.e.m.c.i.embedder.EclipseLogger - skip non existing resourceDirectory F:\gitPath\WorkSpace\egou-basic\src\test\resources
2016-11-01 11:21:22,757 [Worker-3] WARN  o.e.m.c.i.embedder.EclipseLogger - Using platform encoding (GBK actually) to copy filtered resources, i.e. build is platform dependent!
2016-11-01 11:21:22,757 [Worker-3] INFO  o.e.m.c.i.embedder.EclipseLogger - skip non existing resourceDirectory F:\gitPath\WorkSpace\egou-basic\src\main\resources
2016-11-01 11:21:22,773 [Worker-3] WARN  o.e.m.c.i.embedder.EclipseLogger - Using platform encoding (GBK actually) to copy filtered resources, i.e. build is platform dependent!
2016-11-01 11:21:22,773 [Worker-3] INFO  o.e.m.c.i.embedder.EclipseLogger - skip non existing resourceDirectory F:\gitPath\WorkSpace\egou-basic\src\test\resources
2016-11-01 11:22:00,976 [Worker-5] WARN  o.e.m.c.i.embedder.EclipseLogger - Using platform encoding (GBK actually) to copy filtered resources, i.e. build is platform dependent!
2016-11-01 11:22:00,976 [Worker-5] INFO  o.e.m.c.i.embedder.EclipseLogger - skip non existing resourceDirectory F:\gitPath\WorkSpace\egou-basic\src\main\resources
2016-11-01 11:22:00,976 [Worker-5] WARN  o.e.m.c.i.embedder.EclipseLogger - Using platform encoding (GBK actually) to copy filtered resources, i.e. build is platform dependent!
2016-11-01 11:22:00,976 [Worker-5] INFO  o.e.m.c.i.embedder.EclipseLogger - skip non existing resourceDirectory F:\gitPath\WorkSpace\egou-basic\src\test\resources
2016-11-01 11:22:10,988 [Worker-5] WARN  o.e.m.c.i.embedder.EclipseLogger - Using platform encoding (GBK actually) to copy filtered resources, i.e. build is platform dependent!
2016-11-01 11:22:10,988 [Worker-5] INFO  o.e.m.c.i.embedder.EclipseLogger - skip non existing resourceDirectory F:\gitPath\WorkSpace\egou-basic\src\main\resources
2016-11-01 11:22:10,988 [Worker-5] WARN  o.e.m.c.i.embedder.EclipseLogger - Using platform encoding (GBK actually) to copy filtered resources, i.e. build is platform dependent!
2016-11-01 11:22:10,988 [Worker-5] INFO  o.e.m.c.i.embedder.EclipseLogger - skip non existing resourceDirectory F:\gitPath\WorkSpace\egou-basic\src\test\resources
2016-11-01 11:22:12,911 [Worker-0] WARN  o.e.m.c.i.embedder.EclipseLogger - Using platform encoding (GBK actually) to copy filtered resources, i.e. build is platform dependent!
2016-11-01 11:22:12,911 [Worker-0] INFO  o.e.m.c.i.embedder.EclipseLogger - skip non existing resourceDirectory F:\gitPath\WorkSpace\egou-basic\src\main\resources
2016-11-01 11:22:12,911 [Worker-0] WARN  o.e.m.c.i.embedder.EclipseLogger - Using platform encoding (GBK actually) to copy filtered resources, i.e. build is platform dependent!
2016-11-01 11:22:12,911 [Worker-0] INFO  o.e.m.c.i.embedder.EclipseLogger - skip non existing resourceDirectory F:\gitPath\WorkSpace\egou-basic\src\test\resources
2016-11-01 11:22:43,417 [Worker-8] WARN  o.e.m.c.i.embedder.EclipseLogger - Using platform encoding (GBK actually) to copy filtered resources, i.e. build is platform dependent!
2016-11-01 11:22:43,417 [Worker-8] INFO  o.e.m.c.i.embedder.EclipseLogger - skip non existing resourceDirectory F:\gitPath\WorkSpace\egou-basic\src\main\resources
2016-11-01 11:22:43,432 [Worker-8] WARN  o.e.m.c.i.embedder.EclipseLogger - Using platform encoding (GBK actually) to copy filtered resources, i.e. build is platform dependent!
2016-11-01 11:22:43,432 [Worker-8] INFO  o.e.m.c.i.embedder.EclipseLogger - skip non existing resourceDirectory F:\gitPath\WorkSpace\egou-basic\src\test\resources
2016-11-01 11:22:56,930 [Worker-4] WARN  o.e.m.c.i.embedder.EclipseLogger - Using platform encoding (GBK actually) to copy filtered resources, i.e. build is platform dependent!
2016-11-01 11:22:56,930 [Worker-4] INFO  o.e.m.c.i.embedder.EclipseLogger - skip non existing resourceDirectory F:\gitPath\WorkSpace\egou-basic\src\main\resources
2016-11-01 11:22:56,930 [Worker-4] WARN  o.e.m.c.i.embedder.EclipseLogger - Using platform encoding (GBK actually) to copy filtered resources, i.e. build is platform dependent!
2016-11-01 11:22:56,930 [Worker-4] INFO  o.e.m.c.i.embedder.EclipseLogger - skip non existing resourceDirectory F:\gitPath\WorkSpace\egou-basic\src\test\resources
2016-11-01 11:23:01,737 [Worker-7] WARN  o.e.m.c.i.embedder.EclipseLogger - Using platform encoding (GBK actually) to copy filtered resources, i.e. build is platform dependent!
2016-11-01 11:23:01,737 [Worker-7] INFO  o.e.m.c.i.embedder.EclipseLogger - skip non existing resourceDirectory F:\gitPath\WorkSpace\egou-basic\src\main\resources
2016-11-01 11:23:01,753 [Worker-7] WARN  o.e.m.c.i.embedder.EclipseLogger - Using platform encoding (GBK actually) to copy filtered resources, i.e. build is platform dependent!
2016-11-01 11:23:01,753 [Worker-7] INFO  o.e.m.c.i.embedder.EclipseLogger - skip non existing resourceDirectory F:\gitPath\WorkSpace\egou-basic\src\test\resources
2016-11-01 11:23:04,394 [Worker-6] WARN  o.e.m.c.i.embedder.EclipseLogger - Using platform encoding (GBK actually) to copy filtered resources, i.e. build is platform dependent!
2016-11-01 11:23:04,394 [Worker-6] INFO  o.e.m.c.i.embedder.EclipseLogger - skip non existing resourceDirectory F:\gitPath\WorkSpace\egou-basic\src\main\resources
2016-11-01 11:23:04,410 [Worker-6] WARN  o.e.m.c.i.embedder.EclipseLogger - Using platform encoding (GBK actually) to copy filtered resources, i.e. build is platform dependent!
2016-11-01 11:23:04,410 [Worker-6] INFO  o.e.m.c.i.embedder.EclipseLogger - skip non existing resourceDirectory F:\gitPath\WorkSpace\egou-basic\src\test\resources
2016-11-01 11:23:14,710 [Worker-3] WARN  o.e.m.c.i.embedder.EclipseLogger - Using platform encoding (GBK actually) to copy filtered resources, i.e. build is platform dependent!
2016-11-01 11:23:14,710 [Worker-3] INFO  o.e.m.c.i.embedder.EclipseLogger - skip non existing resourceDirectory F:\gitPath\WorkSpace\egou-basic\src\main\resources
2016-11-01 11:23:14,710 [Worker-3] WARN  o.e.m.c.i.embedder.EclipseLogger - Using platform encoding (GBK actually) to copy filtered resources, i.e. build is platform dependent!
2016-11-01 11:23:14,710 [Worker-3] INFO  o.e.m.c.i.embedder.EclipseLogger - skip non existing resourceDirectory F:\gitPath\WorkSpace\egou-basic\src\test\resources
2016-11-01 11:23:26,718 [Worker-2] WARN  o.e.m.c.i.embedder.EclipseLogger - Using platform encoding (GBK actually) to copy filtered resources, i.e. build is platform dependent!
2016-11-01 11:23:26,718 [Worker-2] INFO  o.e.m.c.i.embedder.EclipseLogger - skip non existing resourceDirectory F:\gitPath\WorkSpace\egou-basic\src\main\resources
2016-11-01 11:23:26,718 [Worker-2] WARN  o.e.m.c.i.embedder.EclipseLogger - Using platform encoding (GBK actually) to copy filtered resources, i.e. build is platform dependent!
2016-11-01 11:23:26,718 [Worker-2] INFO  o.e.m.c.i.embedder.EclipseLogger - skip non existing resourceDirectory F:\gitPath\WorkSpace\egou-basic\src\test\resources
2016-11-01 11:24:19,753 [Worker-3] INFO  o.e.m.i.launch.MavenLaunchDelegate - F:\gitPath\WorkSpace\egou-basic
2016-11-01 11:24:19,753 [Worker-3] INFO  o.e.m.i.launch.MavenLaunchDelegate -  mvn  -B clean
2016-11-01 11:24:22,028 [Worker-4] WARN  o.e.m.c.i.embedder.EclipseLogger - Using platform encoding (GBK actually) to copy filtered resources, i.e. build is platform dependent!
2016-11-01 11:24:22,028 [Worker-4] INFO  o.e.m.c.i.embedder.EclipseLogger - skip non existing resourceDirectory F:\gitPath\WorkSpace\egou-basic\src\main\resources
2016-11-01 11:24:22,028 [Worker-4] WARN  o.e.m.c.i.embedder.EclipseLogger - Using platform encoding (GBK actually) to copy filtered resources, i.e. build is platform dependent!
2016-11-01 11:24:22,028 [Worker-4] INFO  o.e.m.c.i.embedder.EclipseLogger - skip non existing resourceDirectory F:\gitPath\WorkSpace\egou-basic\src\test\resources
2016-11-01 11:25:48,779 [Worker-2] WARN  o.e.m.c.i.embedder.EclipseLogger - Using platform encoding (GBK actually) to copy filtered resources, i.e. build is platform dependent!
2016-11-01 11:25:48,794 [Worker-2] INFO  o.e.m.c.i.embedder.EclipseLogger - skip non existing resourceDirectory F:\gitPath\WorkSpace\egou-basic\src\main\resources
2016-11-01 11:25:48,794 [Worker-2] WARN  o.e.m.c.i.embedder.EclipseLogger - Using platform encoding (GBK actually) to copy filtered resources, i.e. build is platform dependent!
2016-11-01 11:25:48,794 [Worker-2] INFO  o.e.m.c.i.embedder.EclipseLogger - skip non existing resourceDirectory F:\gitPath\WorkSpace\egou-basic\src\test\resources
2016-11-01 11:25:53,053 [Worker-0] WARN  o.e.m.c.i.embedder.EclipseLogger - Using platform encoding (GBK actually) to copy filtered resources, i.e. build is platform dependent!
2016-11-01 11:25:53,053 [Worker-0] INFO  o.e.m.c.i.embedder.EclipseLogger - skip non existing resourceDirectory F:\gitPath\WorkSpace\egou-basic\src\main\resources
2016-11-01 11:25:53,053 [Worker-0] WARN  o.e.m.c.i.embedder.EclipseLogger - Using platform encoding (GBK actually) to copy filtered resources, i.e. build is platform dependent!
2016-11-01 11:25:53,053 [Worker-0] INFO  o.e.m.c.i.embedder.EclipseLogger - skip non existing resourceDirectory F:\gitPath\WorkSpace\egou-basic\src\test\resources
2016-11-01 11:26:01,138 [Worker-2] WARN  o.e.m.c.i.embedder.EclipseLogger - Using platform encoding (GBK actually) to copy filtered resources, i.e. build is platform dependent!
2016-11-01 11:26:01,138 [Worker-2] INFO  o.e.m.c.i.embedder.EclipseLogger - skip non existing resourceDirectory F:\gitPath\WorkSpace\egou-basic\src\main\resources
2016-11-01 11:26:01,138 [Worker-2] WARN  o.e.m.c.i.embedder.EclipseLogger - Using platform encoding (GBK actually) to copy filtered resources, i.e. build is platform dependent!
2016-11-01 11:26:01,138 [Worker-2] INFO  o.e.m.c.i.embedder.EclipseLogger - skip non existing resourceDirectory F:\gitPath\WorkSpace\egou-basic\src\test\resources
2016-11-01 11:26:06,044 [Worker-8] WARN  o.e.m.c.i.embedder.EclipseLogger - Using platform encoding (GBK actually) to copy filtered resources, i.e. build is platform dependent!
2016-11-01 11:26:06,044 [Worker-8] INFO  o.e.m.c.i.embedder.EclipseLogger - skip non existing resourceDirectory F:\gitPath\WorkSpace\egou-basic\src\main\resources
2016-11-01 11:26:06,059 [Worker-8] WARN  o.e.m.c.i.embedder.EclipseLogger - Using platform encoding (GBK actually) to copy filtered resources, i.e. build is platform dependent!
2016-11-01 11:26:06,059 [Worker-8] INFO  o.e.m.c.i.embedder.EclipseLogger - skip non existing resourceDirectory F:\gitPath\WorkSpace\egou-basic\src\test\resources
2016-11-01 11:26:43,117 [Worker-2] WARN  o.e.m.c.i.embedder.EclipseLogger - Using platform encoding (GBK actually) to copy filtered resources, i.e. build is platform dependent!
2016-11-01 11:26:43,117 [Worker-2] INFO  o.e.m.c.i.embedder.EclipseLogger - skip non existing resourceDirectory F:\gitPath\WorkSpace\egou-basic\src\main\resources
2016-11-01 11:26:43,117 [Worker-2] WARN  o.e.m.c.i.embedder.EclipseLogger - Using platform encoding (GBK actually) to copy filtered resources, i.e. build is platform dependent!
2016-11-01 11:26:43,117 [Worker-2] INFO  o.e.m.c.i.embedder.EclipseLogger - skip non existing resourceDirectory F:\gitPath\WorkSpace\egou-basic\src\test\resources
2016-11-01 11:27:10,511 [Worker-6] INFO  o.e.m.i.launch.MavenLaunchDelegate - F:\gitPath\WorkSpace\egou-basic
2016-11-01 11:27:10,511 [Worker-6] INFO  o.e.m.i.launch.MavenLaunchDelegate -  mvn  -B clean
2016-11-01 11:27:12,406 [Worker-8] WARN  o.e.m.c.i.embedder.EclipseLogger - Using platform encoding (GBK actually) to copy filtered resources, i.e. build is platform dependent!
2016-11-01 11:27:12,406 [Worker-8] INFO  o.e.m.c.i.embedder.EclipseLogger - skip non existing resourceDirectory F:\gitPath\WorkSpace\egou-basic\src\main\resources
2016-11-01 11:27:12,406 [Worker-8] WARN  o.e.m.c.i.embedder.EclipseLogger - Using platform encoding (GBK actually) to copy filtered resources, i.e. build is platform dependent!
2016-11-01 11:27:12,406 [Worker-8] INFO  o.e.m.c.i.embedder.EclipseLogger - skip non existing resourceDirectory F:\gitPath\WorkSpace\egou-basic\src\test\resources
2016-11-01 11:27:21,459 [Worker-3] WARN  o.e.m.c.i.embedder.EclipseLogger - Using platform encoding (GBK actually) to copy filtered resources, i.e. build is platform dependent!
2016-11-01 11:27:21,459 [Worker-3] INFO  o.e.m.c.i.embedder.EclipseLogger - skip non existing resourceDirectory F:\gitPath\WorkSpace\egou-basic\src\main\resources
2016-11-01 11:27:21,459 [Worker-3] WARN  o.e.m.c.i.embedder.EclipseLogger - Using platform encoding (GBK actually) to copy filtered resources, i.e. build is platform dependent!
2016-11-01 11:27:21,459 [Worker-3] INFO  o.e.m.c.i.embedder.EclipseLogger - skip non existing resourceDirectory F:\gitPath\WorkSpace\egou-basic\src\test\resources
2016-11-01 11:27:28,974 [Worker-1] WARN  o.e.m.c.i.embedder.EclipseLogger - Using platform encoding (GBK actually) to copy filtered resources, i.e. build is platform dependent!
2016-11-01 11:27:28,974 [Worker-1] INFO  o.e.m.c.i.embedder.EclipseLogger - skip non existing resourceDirectory F:\gitPath\WorkSpace\egou-basic\src\main\resources
2016-11-01 11:27:28,974 [Worker-1] WARN  o.e.m.c.i.embedder.EclipseLogger - Using platform encoding (GBK actually) to copy filtered resources, i.e. build is platform dependent!
2016-11-01 11:27:28,974 [Worker-1] INFO  o.e.m.c.i.embedder.EclipseLogger - skip non existing resourceDirectory F:\gitPath\WorkSpace\egou-basic\src\test\resources
2016-11-01 11:28:46,692 [Worker-3] WARN  o.e.m.c.i.embedder.EclipseLogger - Using platform encoding (GBK actually) to copy filtered resources, i.e. build is platform dependent!
2016-11-01 11:28:46,692 [Worker-3] INFO  o.e.m.c.i.embedder.EclipseLogger - skip non existing resourceDirectory F:\gitPath\WorkSpace\egou-basic\src\main\resources
2016-11-01 11:28:46,707 [Worker-3] WARN  o.e.m.c.i.embedder.EclipseLogger - Using platform encoding (GBK actually) to copy filtered resources, i.e. build is platform dependent!
2016-11-01 11:28:46,707 [Worker-3] INFO  o.e.m.c.i.embedder.EclipseLogger - skip non existing resourceDirectory F:\gitPath\WorkSpace\egou-basic\src\test\resources
2016-11-01 11:29:05,316 [Worker-8] WARN  o.e.m.c.i.embedder.EclipseLogger - Using platform encoding (GBK actually) to copy filtered resources, i.e. build is platform dependent!
2016-11-01 11:29:05,316 [Worker-8] INFO  o.e.m.c.i.embedder.EclipseLogger - skip non existing resourceDirectory F:\gitPath\WorkSpace\egou-basic\src\main\resources
2016-11-01 11:29:05,316 [Worker-8] WARN  o.e.m.c.i.embedder.EclipseLogger - Using platform encoding (GBK actually) to copy filtered resources, i.e. build is platform dependent!
2016-11-01 11:29:05,316 [Worker-8] INFO  o.e.m.c.i.embedder.EclipseLogger - skip non existing resourceDirectory F:\gitPath\WorkSpace\egou-basic\src\test\resources
2016-11-01 11:29:14,346 [Worker-4] WARN  o.e.m.c.i.embedder.EclipseLogger - Using platform encoding (GBK actually) to copy filtered resources, i.e. build is platform dependent!
2016-11-01 11:29:14,346 [Worker-4] INFO  o.e.m.c.i.embedder.EclipseLogger - skip non existing resourceDirectory F:\gitPath\WorkSpace\egou-basic\src\main\resources
2016-11-01 11:29:14,346 [Worker-4] WARN  o.e.m.c.i.embedder.EclipseLogger - Using platform encoding (GBK actually) to copy filtered resources, i.e. build is platform dependent!
2016-11-01 11:29:14,346 [Worker-4] INFO  o.e.m.c.i.embedder.EclipseLogger - skip non existing resourceDirectory F:\gitPath\WorkSpace\egou-basic\src\test\resources
2016-11-01 11:29:16,205 [Worker-4] WARN  o.e.m.c.i.embedder.EclipseLogger - Using platform encoding (GBK actually) to copy filtered resources, i.e. build is platform dependent!
2016-11-01 11:29:16,205 [Worker-4] INFO  o.e.m.c.i.embedder.EclipseLogger - skip non existing resourceDirectory F:\gitPath\WorkSpace\egou-basic\src\main\resources
2016-11-01 11:29:16,205 [Worker-4] WARN  o.e.m.c.i.embedder.EclipseLogger - Using platform encoding (GBK actually) to copy filtered resources, i.e. build is platform dependent!
2016-11-01 11:29:16,205 [Worker-4] INFO  o.e.m.c.i.embedder.EclipseLogger - skip non existing resourceDirectory F:\gitPath\WorkSpace\egou-basic\src\test\resources
2016-11-01 11:29:28,840 [Worker-1] WARN  o.e.m.c.i.embedder.EclipseLogger - Using platform encoding (GBK actually) to copy filtered resources, i.e. build is platform dependent!
2016-11-01 11:29:28,840 [Worker-1] INFO  o.e.m.c.i.embedder.EclipseLogger - skip non existing resourceDirectory F:\gitPath\WorkSpace\egou-basic\src\main\resources
2016-11-01 11:29:28,840 [Worker-1] WARN  o.e.m.c.i.embedder.EclipseLogger - Using platform encoding (GBK actually) to copy filtered resources, i.e. build is platform dependent!
2016-11-01 11:29:28,840 [Worker-1] INFO  o.e.m.c.i.embedder.EclipseLogger - skip non existing resourceDirectory F:\gitPath\WorkSpace\egou-basic\src\test\resources
2016-11-01 11:29:56,646 [Worker-2] WARN  o.e.m.c.i.embedder.EclipseLogger - Using platform encoding (GBK actually) to copy filtered resources, i.e. build is platform dependent!
2016-11-01 11:29:56,646 [Worker-2] INFO  o.e.m.c.i.embedder.EclipseLogger - skip non existing resourceDirectory F:\gitPath\WorkSpace\egou-basic\src\main\resources
2016-11-01 11:29:56,646 [Worker-2] WARN  o.e.m.c.i.embedder.EclipseLogger - Using platform encoding (GBK actually) to copy filtered resources, i.e. build is platform dependent!
2016-11-01 11:29:56,646 [Worker-2] INFO  o.e.m.c.i.embedder.EclipseLogger - skip non existing resourceDirectory F:\gitPath\WorkSpace\egou-basic\src\test\resources
2016-11-01 11:30:01,853 [Worker-7] WARN  o.e.m.c.i.embedder.EclipseLogger - Using platform encoding (GBK actually) to copy filtered resources, i.e. build is platform dependent!
2016-11-01 11:30:01,869 [Worker-7] INFO  o.e.m.c.i.embedder.EclipseLogger - skip non existing resourceDirectory F:\gitPath\WorkSpace\egou-basic\src\main\resources
2016-11-01 11:30:01,869 [Worker-7] WARN  o.e.m.c.i.embedder.EclipseLogger - Using platform encoding (GBK actually) to copy filtered resources, i.e. build is platform dependent!
2016-11-01 11:30:01,869 [Worker-7] INFO  o.e.m.c.i.embedder.EclipseLogger - skip non existing resourceDirectory F:\gitPath\WorkSpace\egou-basic\src\test\resources
2016-11-01 11:30:05,043 [Worker-6] WARN  o.e.m.c.i.embedder.EclipseLogger - Using platform encoding (GBK actually) to copy filtered resources, i.e. build is platform dependent!
2016-11-01 11:30:05,043 [Worker-6] INFO  o.e.m.c.i.embedder.EclipseLogger - skip non existing resourceDirectory F:\gitPath\WorkSpace\egou-basic\src\main\resources
2016-11-01 11:30:05,043 [Worker-6] WARN  o.e.m.c.i.embedder.EclipseLogger - Using platform encoding (GBK actually) to copy filtered resources, i.e. build is platform dependent!
2016-11-01 11:30:05,043 [Worker-6] INFO  o.e.m.c.i.embedder.EclipseLogger - skip non existing resourceDirectory F:\gitPath\WorkSpace\egou-basic\src\test\resources
2016-11-01 11:30:31,750 [Worker-1] WARN  o.e.m.c.i.embedder.EclipseLogger - Using platform encoding (GBK actually) to copy filtered resources, i.e. build is platform dependent!
2016-11-01 11:30:31,750 [Worker-1] INFO  o.e.m.c.i.embedder.EclipseLogger - skip non existing resourceDirectory F:\gitPath\WorkSpace\egou-basic\src\main\resources
2016-11-01 11:30:31,750 [Worker-1] WARN  o.e.m.c.i.embedder.EclipseLogger - Using platform encoding (GBK actually) to copy filtered resources, i.e. build is platform dependent!
2016-11-01 11:30:31,750 [Worker-1] INFO  o.e.m.c.i.embedder.EclipseLogger - skip non existing resourceDirectory F:\gitPath\WorkSpace\egou-basic\src\test\resources
2016-11-01 11:30:35,438 [Worker-5] WARN  o.e.m.c.i.embedder.EclipseLogger - Using platform encoding (GBK actually) to copy filtered resources, i.e. build is platform dependent!
2016-11-01 11:30:35,438 [Worker-5] INFO  o.e.m.c.i.embedder.EclipseLogger - skip non existing resourceDirectory F:\gitPath\WorkSpace\egou-basic\src\main\resources
2016-11-01 11:30:35,438 [Worker-5] WARN  o.e.m.c.i.embedder.EclipseLogger - Using platform encoding (GBK actually) to copy filtered resources, i.e. build is platform dependent!
2016-11-01 11:30:35,438 [Worker-5] INFO  o.e.m.c.i.embedder.EclipseLogger - skip non existing resourceDirectory F:\gitPath\WorkSpace\egou-basic\src\test\resources
2016-11-01 11:31:18,199 [Worker-4] WARN  o.e.m.c.i.embedder.EclipseLogger - Using platform encoding (GBK actually) to copy filtered resources, i.e. build is platform dependent!
2016-11-01 11:31:18,199 [Worker-4] INFO  o.e.m.c.i.embedder.EclipseLogger - skip non existing resourceDirectory F:\gitPath\WorkSpace\egou-basic\src\main\resources
2016-11-01 11:31:18,199 [Worker-4] WARN  o.e.m.c.i.embedder.EclipseLogger - Using platform encoding (GBK actually) to copy filtered resources, i.e. build is platform dependent!
2016-11-01 11:31:18,199 [Worker-4] INFO  o.e.m.c.i.embedder.EclipseLogger - skip non existing resourceDirectory F:\gitPath\WorkSpace\egou-basic\src\test\resources
2016-11-01 11:31:23,066 [Worker-7] WARN  o.e.m.c.i.embedder.EclipseLogger - Using platform encoding (GBK actually) to copy filtered resources, i.e. build is platform dependent!
2016-11-01 11:31:23,066 [Worker-7] INFO  o.e.m.c.i.embedder.EclipseLogger - skip non existing resourceDirectory F:\gitPath\WorkSpace\egou-basic\src\main\resources
2016-11-01 11:31:23,066 [Worker-7] WARN  o.e.m.c.i.embedder.EclipseLogger - Using platform encoding (GBK actually) to copy filtered resources, i.e. build is platform dependent!
2016-11-01 11:31:23,066 [Worker-7] INFO  o.e.m.c.i.embedder.EclipseLogger - skip non existing resourceDirectory F:\gitPath\WorkSpace\egou-basic\src\test\resources
2016-11-01 11:31:41,749 [Worker-8] WARN  o.e.m.c.i.embedder.EclipseLogger - Using platform encoding (GBK actually) to copy filtered resources, i.e. build is platform dependent!
2016-11-01 11:31:41,765 [Worker-8] INFO  o.e.m.c.i.embedder.EclipseLogger - skip non existing resourceDirectory F:\gitPath\WorkSpace\egou-basic\src\main\resources
2016-11-01 11:31:41,765 [Worker-8] WARN  o.e.m.c.i.embedder.EclipseLogger - Using platform encoding (GBK actually) to copy filtered resources, i.e. build is platform dependent!
2016-11-01 11:31:41,765 [Worker-8] INFO  o.e.m.c.i.embedder.EclipseLogger - skip non existing resourceDirectory F:\gitPath\WorkSpace\egou-basic\src\test\resources
2016-11-01 11:31:43,922 [Worker-1] WARN  o.e.m.c.i.embedder.EclipseLogger - Using platform encoding (GBK actually) to copy filtered resources, i.e. build is platform dependent!
2016-11-01 11:31:43,922 [Worker-1] INFO  o.e.m.c.i.embedder.EclipseLogger - skip non existing resourceDirectory F:\gitPath\WorkSpace\egou-basic\src\main\resources
2016-11-01 11:31:43,922 [Worker-1] WARN  o.e.m.c.i.embedder.EclipseLogger - Using platform encoding (GBK actually) to copy filtered resources, i.e. build is platform dependent!
2016-11-01 11:31:43,922 [Worker-1] INFO  o.e.m.c.i.embedder.EclipseLogger - skip non existing resourceDirectory F:\gitPath\WorkSpace\egou-basic\src\test\resources
2016-11-01 11:31:50,706 [Worker-2] WARN  o.e.m.c.i.embedder.EclipseLogger - Using platform encoding (GBK actually) to copy filtered resources, i.e. build is platform dependent!
2016-11-01 11:31:50,721 [Worker-2] INFO  o.e.m.c.i.embedder.EclipseLogger - skip non existing resourceDirectory F:\gitPath\WorkSpace\egou-basic\src\main\resources
2016-11-01 11:31:50,721 [Worker-2] WARN  o.e.m.c.i.embedder.EclipseLogger - Using platform encoding (GBK actually) to copy filtered resources, i.e. build is platform dependent!
2016-11-01 11:31:50,721 [Worker-2] INFO  o.e.m.c.i.embedder.EclipseLogger - skip non existing resourceDirectory F:\gitPath\WorkSpace\egou-basic\src\test\resources
2016-11-01 11:32:00,887 [Worker-5] INFO  o.e.m.i.launch.MavenLaunchDelegate - F:\gitPath\WorkSpace\egou-basic
2016-11-01 11:32:00,887 [Worker-5] INFO  o.e.m.i.launch.MavenLaunchDelegate -  mvn  -B clean
2016-11-01 11:32:03,111 [Worker-7] WARN  o.e.m.c.i.embedder.EclipseLogger - Using platform encoding (GBK actually) to copy filtered resources, i.e. build is platform dependent!
2016-11-01 11:32:03,111 [Worker-7] INFO  o.e.m.c.i.embedder.EclipseLogger - skip non existing resourceDirectory F:\gitPath\WorkSpace\egou-basic\src\main\resources
2016-11-01 11:32:03,111 [Worker-7] WARN  o.e.m.c.i.embedder.EclipseLogger - Using platform encoding (GBK actually) to copy filtered resources, i.e. build is platform dependent!
2016-11-01 11:32:03,111 [Worker-7] INFO  o.e.m.c.i.embedder.EclipseLogger - skip non existing resourceDirectory F:\gitPath\WorkSpace\egou-basic\src\test\resources
2016-11-01 11:33:03,569 [Worker-8] INFO  o.e.m.c.i.p.ProjectConfigurationManager - Collecting project info '/pom.xml' F:\gitPath\WorkSpace\egou-passport\pom.xml
2016-11-01 11:33:03,631 [Worker-8] INFO  o.e.m.c.i.l.LifecycleMappingFactory - Using org.maven.ide.eclipse.wtp.WarLifecycleMapping lifecycle mapping for MavenProject: com.egou:egou-passport:0.0.1-SNAPSHOT @ F:\gitPath\WorkSpace\egou-passport\pom.xml.
2016-11-01 11:33:04,537 [Worker-8] INFO  o.e.m.j.i.AbstractJavaProjectConfigurator - Adding source folder /egou-passport/src/main/java
2016-11-01 11:33:04,537 [Worker-8] INFO  o.e.m.j.i.AbstractJavaProjectConfigurator - Adding resource folder /egou-passport/src/main/resources
2016-11-01 11:33:04,537 [Worker-8] INFO  o.e.m.j.i.AbstractJavaProjectConfigurator - Adding source folder /egou-passport/src/test/java
2016-11-01 11:33:06,298 [Worker-7] INFO  o.e.m.c.i.l.LifecycleMappingFactory - Using org.maven.ide.eclipse.wtp.WarLifecycleMapping lifecycle mapping for MavenProject: com.egou:egou-passport:0.0.1-SNAPSHOT @ F:\gitPath\WorkSpace\egou-passport\pom.xml.
2016-11-01 11:33:19,340 [Worker-8] INFO  o.e.m.c.i.p.ProjectConfigurationManager - Imported and configured 1 project(s) in 15 sec
2016-11-01 11:33:20,121 [Worker-4] INFO  o.e.m.c.i.l.LifecycleMappingFactory - Using org.maven.ide.eclipse.wtp.WarLifecycleMapping lifecycle mapping for MavenProject: com.egou:egou-passport:0.0.1-SNAPSHOT @ F:\gitPath\WorkSpace\egou-passport\pom.xml.
2016-11-01 11:33:20,340 [Worker-4] WARN  o.e.m.c.i.embedder.EclipseLogger - Using platform encoding (GBK actually) to copy filtered resources, i.e. build is platform dependent!
2016-11-01 11:33:20,356 [Worker-4] INFO  o.e.m.c.i.embedder.EclipseLogger - Copying 0 resource
2016-11-01 11:33:20,356 [Worker-4] WARN  o.e.m.c.i.embedder.EclipseLogger - Using platform encoding (GBK actually) to copy filtered resources, i.e. build is platform dependent!
2016-11-01 11:33:20,356 [Worker-4] INFO  o.e.m.c.i.embedder.EclipseLogger - skip non existing resourceDirectory F:\gitPath\WorkSpace\egou-passport\src\test\resources
2016-11-01 11:33:37,781 [Worker-3] INFO  o.e.m.c.i.l.LifecycleMappingFactory - Using org.maven.ide.eclipse.wtp.WarLifecycleMapping lifecycle mapping for MavenProject: com.egou:egou-passport:0.0.1-SNAPSHOT @ F:\gitPath\WorkSpace\egou-passport\pom.xml.
2016-11-01 11:33:39,125 [Worker-3] WARN  o.e.m.c.i.embedder.EclipseLogger - Using platform encoding (GBK actually) to copy filtered resources, i.e. build is platform dependent!
2016-11-01 11:33:39,125 [Worker-3] INFO  o.e.m.c.i.embedder.EclipseLogger - Copying 0 resource
2016-11-01 11:33:39,125 [Worker-3] WARN  o.e.m.c.i.embedder.EclipseLogger - Using platform encoding (GBK actually) to copy filtered resources, i.e. build is platform dependent!
2016-11-01 11:33:39,125 [Worker-3] INFO  o.e.m.c.i.embedder.EclipseLogger - skip non existing resourceDirectory F:\gitPath\WorkSpace\egou-passport\src\test\resources
2016-11-01 11:33:39,125 [Worker-3] INFO  o.e.m.w.i.f.ResourceFilteringBuildParticipant - Changed resources require a complete clean of filtered resources of egou-passport
2016-11-01 11:33:39,125 [Worker-3] INFO  o.e.m.w.i.f.ResourceFilteringBuildParticipant - Executing resource filtering for egou-passport
2016-11-01 11:33:39,141 [Worker-3] WARN  o.e.m.c.i.embedder.EclipseLogger - Using platform encoding (GBK actually) to copy filtered resources, i.e. build is platform dependent!
2016-11-01 11:33:40,299 [Worker-7] INFO  o.e.m.c.i.l.LifecycleMappingFactory - Using org.eclipse.m2e.jdt.JarLifecycleMapping lifecycle mapping for MavenProject: com.egou:egou-basic:0.0.1-SNAPSHOT @ F:\gitPath\WorkSpace\egou-basic\pom.xml.
2016-11-01 11:33:40,924 [Worker-7] WARN  o.e.m.c.i.embedder.EclipseLogger - Using platform encoding (GBK actually) to copy filtered resources, i.e. build is platform dependent!
2016-11-01 11:33:40,924 [Worker-7] INFO  o.e.m.c.i.embedder.EclipseLogger - skip non existing resourceDirectory F:\gitPath\WorkSpace\egou-basic\src\main\resources
2016-11-01 11:33:40,924 [Worker-7] WARN  o.e.m.c.i.embedder.EclipseLogger - Using platform encoding (GBK actually) to copy filtered resources, i.e. build is platform dependent!
2016-11-01 11:33:40,924 [Worker-7] INFO  o.e.m.c.i.embedder.EclipseLogger - skip non existing resourceDirectory F:\gitPath\WorkSpace\egou-basic\src\test\resources
2016-11-01 11:33:41,143 [Worker-7] INFO  o.e.m.c.i.l.LifecycleMappingFactory - Using org.maven.ide.eclipse.wtp.WarLifecycleMapping lifecycle mapping for MavenProject: com.egou:egou-passport:0.0.1-SNAPSHOT @ F:\gitPath\WorkSpace\egou-passport\pom.xml.
2016-11-01 11:33:42,637 [Worker-7] WARN  o.e.m.c.i.embedder.EclipseLogger - Using platform encoding (GBK actually) to copy filtered resources, i.e. build is platform dependent!
2016-11-01 11:33:42,637 [Worker-7] INFO  o.e.m.c.i.embedder.EclipseLogger - Copying 0 resource
2016-11-01 11:33:42,637 [Worker-7] WARN  o.e.m.c.i.embedder.EclipseLogger - Using platform encoding (GBK actually) to copy filtered resources, i.e. build is platform dependent!
2016-11-01 11:33:42,637 [Worker-7] INFO  o.e.m.c.i.embedder.EclipseLogger - skip non existing resourceDirectory F:\gitPath\WorkSpace\egou-passport\src\test\resources
2016-11-01 11:33:42,637 [Worker-7] INFO  o.e.m.w.i.f.ResourceFilteringBuildParticipant - Changed resources require a complete clean of filtered resources of egou-passport
2016-11-01 11:33:42,637 [Worker-7] INFO  o.e.m.w.i.f.ResourceFilteringBuildParticipant - Executing resource filtering for egou-passport
2016-11-01 11:33:42,637 [Worker-7] WARN  o.e.m.c.i.embedder.EclipseLogger - Using platform encoding (GBK actually) to copy filtered resources, i.e. build is platform dependent!
2016-11-01 11:33:56,926 [Worker-8] INFO  o.e.m.c.i.l.LifecycleMappingFactory - Using org.maven.ide.eclipse.wtp.WarLifecycleMapping lifecycle mapping for MavenProject: com.egou:egou-passport:0.0.1-SNAPSHOT @ F:\gitPath\WorkSpace\egou-passport\pom.xml.
2016-11-01 11:33:58,676 [Worker-8] WARN  o.e.m.c.i.embedder.EclipseLogger - Using platform encoding (GBK actually) to copy filtered resources, i.e. build is platform dependent!
2016-11-01 11:33:58,676 [Worker-8] INFO  o.e.m.c.i.embedder.EclipseLogger - Copying 0 resource
2016-11-01 11:33:58,692 [Worker-8] WARN  o.e.m.c.i.embedder.EclipseLogger - Using platform encoding (GBK actually) to copy filtered resources, i.e. build is platform dependent!
2016-11-01 11:33:58,692 [Worker-8] INFO  o.e.m.c.i.embedder.EclipseLogger - skip non existing resourceDirectory F:\gitPath\WorkSpace\egou-passport\src\test\resources
2016-11-01 11:34:09,620 [Worker-1] INFO  o.e.m.c.i.l.LifecycleMappingFactory - Using org.maven.ide.eclipse.wtp.WarLifecycleMapping lifecycle mapping for MavenProject: com.egou:egou-passport:0.0.1-SNAPSHOT @ F:\gitPath\WorkSpace\egou-passport\pom.xml.
2016-11-01 11:34:11,085 [Worker-1] WARN  o.e.m.c.i.embedder.EclipseLogger - Using platform encoding (GBK actually) to copy filtered resources, i.e. build is platform dependent!
2016-11-01 11:34:11,085 [Worker-1] INFO  o.e.m.c.i.embedder.EclipseLogger - Copying 0 resource
2016-11-01 11:34:11,085 [Worker-1] WARN  o.e.m.c.i.embedder.EclipseLogger - Using platform encoding (GBK actually) to copy filtered resources, i.e. build is platform dependent!
2016-11-01 11:34:11,085 [Worker-1] INFO  o.e.m.c.i.embedder.EclipseLogger - skip non existing resourceDirectory F:\gitPath\WorkSpace\egou-passport\src\test\resources
2016-11-01 11:34:35,736 [Worker-8] WARN  o.e.m.c.i.embedder.EclipseLogger - Using platform encoding (GBK actually) to copy filtered resources, i.e. build is platform dependent!
2016-11-01 11:34:35,736 [Worker-8] INFO  o.e.m.c.i.embedder.EclipseLogger - Copying 0 resource
2016-11-01 11:34:35,736 [Worker-8] WARN  o.e.m.c.i.embedder.EclipseLogger - Using platform encoding (GBK actually) to copy filtered resources, i.e. build is platform dependent!
2016-11-01 11:34:35,736 [Worker-8] INFO  o.e.m.c.i.embedder.EclipseLogger - skip non existing resourceDirectory F:\gitPath\WorkSpace\egou-passport\src\test\resources
2016-11-01 11:34:46,854 [Worker-7] WARN  o.e.m.c.i.embedder.EclipseLogger - Using platform encoding (GBK actually) to copy filtered resources, i.e. build is platform dependent!
2016-11-01 11:34:46,856 [Worker-7] INFO  o.e.m.c.i.embedder.EclipseLogger - Copying 0 resource
2016-11-01 11:34:46,857 [Worker-7] WARN  o.e.m.c.i.embedder.EclipseLogger - Using platform encoding (GBK actually) to copy filtered resources, i.e. build is platform dependent!
2016-11-01 11:34:46,858 [Worker-7] INFO  o.e.m.c.i.embedder.EclipseLogger - skip non existing resourceDirectory F:\gitPath\WorkSpace\egou-passport\src\test\resources
2016-11-01 11:34:52,651 [Worker-8] WARN  o.e.m.c.i.embedder.EclipseLogger - Using platform encoding (GBK actually) to copy filtered resources, i.e. build is platform dependent!
2016-11-01 11:34:52,651 [Worker-8] INFO  o.e.m.c.i.embedder.EclipseLogger - Copying 0 resource
2016-11-01 11:34:52,651 [Worker-8] WARN  o.e.m.c.i.embedder.EclipseLogger - Using platform encoding (GBK actually) to copy filtered resources, i.e. build is platform dependent!
2016-11-01 11:34:52,666 [Worker-8] INFO  o.e.m.c.i.embedder.EclipseLogger - skip non existing resourceDirectory F:\gitPath\WorkSpace\egou-passport\src\test\resources
2016-11-01 11:35:07,023 [Worker-5] WARN  o.e.m.c.i.embedder.EclipseLogger - Using platform encoding (GBK actually) to copy filtered resources, i.e. build is platform dependent!
2016-11-01 11:35:07,023 [Worker-5] INFO  o.e.m.c.i.embedder.EclipseLogger - Copying 0 resource
2016-11-01 11:35:07,023 [Worker-5] WARN  o.e.m.c.i.embedder.EclipseLogger - Using platform encoding (GBK actually) to copy filtered resources, i.e. build is platform dependent!
2016-11-01 11:35:07,023 [Worker-5] INFO  o.e.m.c.i.embedder.EclipseLogger - skip non existing resourceDirectory F:\gitPath\WorkSpace\egou-passport\src\test\resources
2016-11-01 11:35:55,519 [Worker-7] WARN  o.e.m.c.i.embedder.EclipseLogger - Using platform encoding (GBK actually) to copy filtered resources, i.e. build is platform dependent!
2016-11-01 11:35:55,519 [Worker-7] INFO  o.e.m.c.i.embedder.EclipseLogger - Copying 0 resource
2016-11-01 11:35:55,535 [Worker-7] WARN  o.e.m.c.i.embedder.EclipseLogger - Using platform encoding (GBK actually) to copy filtered resources, i.e. build is platform dependent!
2016-11-01 11:35:55,535 [Worker-7] INFO  o.e.m.c.i.embedder.EclipseLogger - skip non existing resourceDirectory F:\gitPath\WorkSpace\egou-passport\src\test\resources
2016-11-01 11:36:04,121 [Worker-7] WARN  o.e.m.c.i.embedder.EclipseLogger - Using platform encoding (GBK actually) to copy filtered resources, i.e. build is platform dependent!
2016-11-01 11:36:04,121 [Worker-7] INFO  o.e.m.c.i.embedder.EclipseLogger - Copying 0 resource
2016-11-01 11:36:04,121 [Worker-7] WARN  o.e.m.c.i.embedder.EclipseLogger - Using platform encoding (GBK actually) to copy filtered resources, i.e. build is platform dependent!
2016-11-01 11:36:04,121 [Worker-7] INFO  o.e.m.c.i.embedder.EclipseLogger - skip non existing resourceDirectory F:\gitPath\WorkSpace\egou-passport\src\test\resources
2016-11-01 11:36:34,613 [Worker-5] WARN  o.e.m.c.i.embedder.EclipseLogger - Using platform encoding (GBK actually) to copy filtered resources, i.e. build is platform dependent!
2016-11-01 11:36:34,613 [Worker-5] INFO  o.e.m.c.i.embedder.EclipseLogger - Copying 0 resource
2016-11-01 11:36:34,613 [Worker-5] WARN  o.e.m.c.i.embedder.EclipseLogger - Using platform encoding (GBK actually) to copy filtered resources, i.e. build is platform dependent!
2016-11-01 11:36:34,629 [Worker-5] INFO  o.e.m.c.i.embedder.EclipseLogger - skip non existing resourceDirectory F:\gitPath\WorkSpace\egou-passport\src\test\resources
2016-11-01 11:36:43,730 [Worker-8] WARN  o.e.m.c.i.embedder.EclipseLogger - Using platform encoding (GBK actually) to copy filtered resources, i.e. build is platform dependent!
2016-11-01 11:36:43,730 [Worker-8] INFO  o.e.m.c.i.embedder.EclipseLogger - Copying 0 resource
2016-11-01 11:36:43,730 [Worker-8] WARN  o.e.m.c.i.embedder.EclipseLogger - Using platform encoding (GBK actually) to copy filtered resources, i.e. build is platform dependent!
2016-11-01 11:36:43,730 [Worker-8] INFO  o.e.m.c.i.embedder.EclipseLogger - skip non existing resourceDirectory F:\gitPath\WorkSpace\egou-passport\src\test\resources
2016-11-01 11:36:48,727 [Worker-2] WARN  o.e.m.c.i.embedder.EclipseLogger - Using platform encoding (GBK actually) to copy filtered resources, i.e. build is platform dependent!
2016-11-01 11:36:48,727 [Worker-2] INFO  o.e.m.c.i.embedder.EclipseLogger - Copying 0 resource
2016-11-01 11:36:48,727 [Worker-2] WARN  o.e.m.c.i.embedder.EclipseLogger - Using platform encoding (GBK actually) to copy filtered resources, i.e. build is platform dependent!
2016-11-01 11:36:48,727 [Worker-2] INFO  o.e.m.c.i.embedder.EclipseLogger - skip non existing resourceDirectory F:\gitPath\WorkSpace\egou-passport\src\test\resources
2016-11-01 11:37:07,317 [Worker-0] INFO  o.e.m.w.i.f.ResourceFilteringBuildParticipant - Cleaning filtered folder for egou-passport
2016-11-01 11:37:07,692 [Worker-8] WARN  o.e.m.c.i.embedder.EclipseLogger - Using platform encoding (GBK actually) to copy filtered resources, i.e. build is platform dependent!
2016-11-01 11:37:07,692 [Worker-8] INFO  o.e.m.c.i.embedder.EclipseLogger - skip non existing resourceDirectory F:\gitPath\WorkSpace\egou-basic\src\main\resources
2016-11-01 11:37:07,692 [Worker-8] WARN  o.e.m.c.i.embedder.EclipseLogger - Using platform encoding (GBK actually) to copy filtered resources, i.e. build is platform dependent!
2016-11-01 11:37:07,692 [Worker-8] INFO  o.e.m.c.i.embedder.EclipseLogger - skip non existing resourceDirectory F:\gitPath\WorkSpace\egou-basic\src\test\resources
2016-11-01 11:37:08,333 [Worker-1] WARN  o.e.m.c.i.embedder.EclipseLogger - Using platform encoding (GBK actually) to copy filtered resources, i.e. build is platform dependent!
2016-11-01 11:37:08,333 [Worker-1] INFO  o.e.m.c.i.embedder.EclipseLogger - Copying 0 resource
2016-11-01 11:37:08,333 [Worker-1] WARN  o.e.m.c.i.embedder.EclipseLogger - Using platform encoding (GBK actually) to copy filtered resources, i.e. build is platform dependent!
2016-11-01 11:37:08,333 [Worker-1] INFO  o.e.m.c.i.embedder.EclipseLogger - skip non existing resourceDirectory F:\gitPath\WorkSpace\egou-passport\src\test\resources
2016-11-01 11:37:32,611 [Worker-4] WARN  o.e.m.c.i.embedder.EclipseLogger - Using platform encoding (GBK actually) to copy filtered resources, i.e. build is platform dependent!
2016-11-01 11:37:32,611 [Worker-4] INFO  o.e.m.c.i.embedder.EclipseLogger - skip non existing resourceDirectory F:\gitPath\WorkSpace\egou-basic\src\main\resources
2016-11-01 11:37:32,611 [Worker-4] WARN  o.e.m.c.i.embedder.EclipseLogger - Using platform encoding (GBK actually) to copy filtered resources, i.e. build is platform dependent!
2016-11-01 11:37:32,611 [Worker-4] INFO  o.e.m.c.i.embedder.EclipseLogger - skip non existing resourceDirectory F:\gitPath\WorkSpace\egou-basic\src\test\resources
2016-11-01 11:37:32,658 [Worker-4] WARN  o.e.m.c.i.embedder.EclipseLogger - Using platform encoding (GBK actually) to copy filtered resources, i.e. build is platform dependent!
2016-11-01 11:37:32,658 [Worker-4] INFO  o.e.m.c.i.embedder.EclipseLogger - Copying 0 resource
2016-11-01 11:37:32,658 [Worker-4] WARN  o.e.m.c.i.embedder.EclipseLogger - Using platform encoding (GBK actually) to copy filtered resources, i.e. build is platform dependent!
2016-11-01 11:37:32,658 [Worker-4] INFO  o.e.m.c.i.embedder.EclipseLogger - skip non existing resourceDirectory F:\gitPath\WorkSpace\egou-passport\src\test\resources
2016-11-01 11:37:43,982 [Worker-7] WARN  o.e.m.c.i.embedder.EclipseLogger - Using platform encoding (GBK actually) to copy filtered resources, i.e. build is platform dependent!
2016-11-01 11:37:43,982 [Worker-7] INFO  o.e.m.c.i.embedder.EclipseLogger - skip non existing resourceDirectory F:\gitPath\WorkSpace\egou-basic\src\main\resources
2016-11-01 11:37:43,982 [Worker-7] WARN  o.e.m.c.i.embedder.EclipseLogger - Using platform encoding (GBK actually) to copy filtered resources, i.e. build is platform dependent!
2016-11-01 11:37:43,982 [Worker-7] INFO  o.e.m.c.i.embedder.EclipseLogger - skip non existing resourceDirectory F:\gitPath\WorkSpace\egou-basic\src\test\resources
2016-11-01 11:37:44,029 [Worker-7] WARN  o.e.m.c.i.embedder.EclipseLogger - Using platform encoding (GBK actually) to copy filtered resources, i.e. build is platform dependent!
2016-11-01 11:37:44,029 [Worker-7] INFO  o.e.m.c.i.embedder.EclipseLogger - Copying 0 resource
2016-11-01 11:37:44,029 [Worker-7] WARN  o.e.m.c.i.embedder.EclipseLogger - Using platform encoding (GBK actually) to copy filtered resources, i.e. build is platform dependent!
2016-11-01 11:37:44,029 [Worker-7] INFO  o.e.m.c.i.embedder.EclipseLogger - skip non existing resourceDirectory F:\gitPath\WorkSpace\egou-passport\src\test\resources
2016-11-01 11:37:47,310 [Worker-6] WARN  o.e.m.c.i.embedder.EclipseLogger - Using platform encoding (GBK actually) to copy filtered resources, i.e. build is platform dependent!
2016-11-01 11:37:47,310 [Worker-6] INFO  o.e.m.c.i.embedder.EclipseLogger - skip non existing resourceDirectory F:\gitPath\WorkSpace\egou-basic\src\main\resources
2016-11-01 11:37:47,310 [Worker-6] WARN  o.e.m.c.i.embedder.EclipseLogger - Using platform encoding (GBK actually) to copy filtered resources, i.e. build is platform dependent!
2016-11-01 11:37:47,310 [Worker-6] INFO  o.e.m.c.i.embedder.EclipseLogger - skip non existing resourceDirectory F:\gitPath\WorkSpace\egou-basic\src\test\resources
2016-11-01 11:37:59,543 [Worker-8] WARN  o.e.m.c.i.embedder.EclipseLogger - Using platform encoding (GBK actually) to copy filtered resources, i.e. build is platform dependent!
2016-11-01 11:37:59,543 [Worker-8] INFO  o.e.m.c.i.embedder.EclipseLogger - skip non existing resourceDirectory F:\gitPath\WorkSpace\egou-basic\src\main\resources
2016-11-01 11:37:59,543 [Worker-8] WARN  o.e.m.c.i.embedder.EclipseLogger - Using platform encoding (GBK actually) to copy filtered resources, i.e. build is platform dependent!
2016-11-01 11:37:59,543 [Worker-8] INFO  o.e.m.c.i.embedder.EclipseLogger - skip non existing resourceDirectory F:\gitPath\WorkSpace\egou-basic\src\test\resources
2016-11-01 11:38:03,069 [Worker-3] WARN  o.e.m.c.i.embedder.EclipseLogger - Using platform encoding (GBK actually) to copy filtered resources, i.e. build is platform dependent!
2016-11-01 11:38:03,069 [Worker-3] INFO  o.e.m.c.i.embedder.EclipseLogger - skip non existing resourceDirectory F:\gitPath\WorkSpace\egou-basic\src\main\resources
2016-11-01 11:38:03,069 [Worker-3] WARN  o.e.m.c.i.embedder.EclipseLogger - Using platform encoding (GBK actually) to copy filtered resources, i.e. build is platform dependent!
2016-11-01 11:38:03,069 [Worker-3] INFO  o.e.m.c.i.embedder.EclipseLogger - skip non existing resourceDirectory F:\gitPath\WorkSpace\egou-basic\src\test\resources
2016-11-01 11:38:05,242 [Worker-8] WARN  o.e.m.c.i.embedder.EclipseLogger - Using platform encoding (GBK actually) to copy filtered resources, i.e. build is platform dependent!
2016-11-01 11:38:05,242 [Worker-8] INFO  o.e.m.c.i.embedder.EclipseLogger - skip non existing resourceDirectory F:\gitPath\WorkSpace\egou-basic\src\main\resources
2016-11-01 11:38:05,242 [Worker-8] WARN  o.e.m.c.i.embedder.EclipseLogger - Using platform encoding (GBK actually) to copy filtered resources, i.e. build is platform dependent!
2016-11-01 11:38:05,242 [Worker-8] INFO  o.e.m.c.i.embedder.EclipseLogger - skip non existing resourceDirectory F:\gitPath\WorkSpace\egou-basic\src\test\resources
2016-11-01 11:38:45,008 [Worker-7] WARN  o.e.m.c.i.embedder.EclipseLogger - Using platform encoding (GBK actually) to copy filtered resources, i.e. build is platform dependent!
2016-11-01 11:38:45,008 [Worker-7] INFO  o.e.m.c.i.embedder.EclipseLogger - Copying 2 resources
2016-11-01 11:38:45,024 [Worker-7] WARN  o.e.m.c.i.embedder.EclipseLogger - Using platform encoding (GBK actually) to copy filtered resources, i.e. build is platform dependent!
2016-11-01 11:38:45,024 [Worker-7] INFO  o.e.m.c.i.embedder.EclipseLogger - skip non existing resourceDirectory F:\gitPath\WorkSpace\egou-passport\src\test\resources
2016-11-01 11:39:27,016 [Worker-1] INFO  o.e.m.i.launch.MavenLaunchDelegate - F:\gitPath\WorkSpace\egou-passport
2016-11-01 11:39:27,016 [Worker-1] INFO  o.e.m.i.launch.MavenLaunchDelegate -  mvn  -B clean
2016-11-01 11:39:29,612 [Worker-8] WARN  o.e.m.c.i.embedder.EclipseLogger - Using platform encoding (GBK actually) to copy filtered resources, i.e. build is platform dependent!
2016-11-01 11:39:29,612 [Worker-8] INFO  o.e.m.c.i.embedder.EclipseLogger - Copying 2 resources
2016-11-01 11:39:29,612 [Worker-8] WARN  o.e.m.c.i.embedder.EclipseLogger - Using platform encoding (GBK actually) to copy filtered resources, i.e. build is platform dependent!
2016-11-01 11:39:29,612 [Worker-8] INFO  o.e.m.c.i.embedder.EclipseLogger - skip non existing resourceDirectory F:\gitPath\WorkSpace\egou-passport\src\test\resources
2016-11-01 11:40:27,431 [Worker-0] WARN  o.e.m.c.i.embedder.EclipseLogger - Using platform encoding (GBK actually) to copy filtered resources, i.e. build is platform dependent!
2016-11-01 11:40:27,431 [Worker-0] INFO  o.e.m.c.i.embedder.EclipseLogger - Copying 2 resources
2016-11-01 11:40:27,431 [Worker-0] WARN  o.e.m.c.i.embedder.EclipseLogger - Using platform encoding (GBK actually) to copy filtered resources, i.e. build is platform dependent!
2016-11-01 11:40:27,431 [Worker-0] INFO  o.e.m.c.i.embedder.EclipseLogger - skip non existing resourceDirectory F:\gitPath\WorkSpace\egou-passport\src\test\resources
2016-11-01 11:42:23,832 [Worker-0] INFO  o.e.m.w.i.f.ResourceFilteringBuildParticipant - Cleaning filtered folder for egou-passport
2016-11-01 11:42:24,145 [Worker-3] WARN  o.e.m.c.i.embedder.EclipseLogger - Using platform encoding (GBK actually) to copy filtered resources, i.e. build is platform dependent!
2016-11-01 11:42:24,145 [Worker-3] INFO  o.e.m.c.i.embedder.EclipseLogger - skip non existing resourceDirectory F:\gitPath\WorkSpace\egou-basic\src\main\resources
2016-11-01 11:42:24,160 [Worker-3] WARN  o.e.m.c.i.embedder.EclipseLogger - Using platform encoding (GBK actually) to copy filtered resources, i.e. build is platform dependent!
2016-11-01 11:42:24,160 [Worker-3] INFO  o.e.m.c.i.embedder.EclipseLogger - skip non existing resourceDirectory F:\gitPath\WorkSpace\egou-basic\src\test\resources
2016-11-01 11:42:24,395 [Worker-3] WARN  o.e.m.c.i.embedder.EclipseLogger - Using platform encoding (GBK actually) to copy filtered resources, i.e. build is platform dependent!
2016-11-01 11:42:24,395 [Worker-3] INFO  o.e.m.c.i.embedder.EclipseLogger - Copying 2 resources
2016-11-01 11:42:24,395 [Worker-3] WARN  o.e.m.c.i.embedder.EclipseLogger - Using platform encoding (GBK actually) to copy filtered resources, i.e. build is platform dependent!
2016-11-01 11:42:24,395 [Worker-3] INFO  o.e.m.c.i.embedder.EclipseLogger - skip non existing resourceDirectory F:\gitPath\WorkSpace\egou-passport\src\test\resources
